<?xml version="1.0" encoding="UTF-8"?>
<!-- Generated by org.testng.reporters.JUnitXMLReporter -->
<testsuite ignored="4" hostname="DESKTOP-SG9I1N5" failures="0" tests="3" name="Test" time="42.642" errors="0" timestamp="2024-05-23T10:31:25 IST">
  <testcase classname="Button.BaseClass" name="beforeClass" time="22.18"/>
  <testcase classname="Button.BaseClass" name="beforeClass" time="14.297"/>
  <testcase classname="Button.DoubleClick" name="doubleClick" time="6.006"/>
  <testcase classname="Button.BaseClass" name="@AfterTest afterTest" time="0.0">
    <ignored/>
  </testcase> <!-- @AfterTest afterTest -->
  <testcase classname="Button.BaseClass" name="@BeforeSuite beforeSuite" time="0.0">
    <ignored/>
  </testcase> <!-- @BeforeSuite beforeSuite -->
  <testcase classname="Button.BaseClass" name="@AfterSuite afterSuite" time="0.0">
    <ignored/>
  </testcase> <!-- @AfterSuite afterSuite -->
  <testcase classname="Button.BaseClass" name="@BeforeTest beforeTest" time="0.0">
    <ignored/>
  </testcase> <!-- @BeforeTest beforeTest -->
</testsuite> <!-- Test -->
