<?xml version="1.0" encoding="UTF-8"?>
<testng-results ignored="4" total="7" passed="3" failed="0" skipped="0">
  <reporter-output>
  </reporter-output>
  <suite started-at="2024-05-23T10:30:42 IST" name="Suite" finished-at="2024-05-23T10:31:24 IST" duration-ms="42642">
    <groups>
    </groups>
    <test started-at="2024-05-23T10:30:42 IST" name="Test" finished-at="2024-05-23T10:31:24 IST" duration-ms="42642">
      <class name="Button.BaseClass">
        <test-method is-config="true" signature="beforeSuite()[pri:0, instance:Button.BaseClass@54a7079e]" started-at="2024-05-23T10:30:42 IST" name="beforeSuite" finished-at="2024-05-23T10:30:42 IST" duration-ms="20" status="PASS">
          <reporter-output>
          </reporter-output>
        </test-method> <!-- beforeSuite -->
        <test-method is-config="true" signature="beforeTest()[pri:0, instance:Button.BaseClass@54a7079e]" started-at="2024-05-23T10:30:42 IST" name="beforeTest" finished-at="2024-05-23T10:30:42 IST" duration-ms="12" status="PASS">
          <reporter-output>
          </reporter-output>
        </test-method> <!-- beforeTest -->
        <test-method is-config="true" signature="beforeMethod()[pri:0, instance:Button.BaseClass@54a7079e]" started-at="2024-05-23T10:30:42 IST" name="beforeMethod" finished-at="2024-05-23T10:30:42 IST" duration-ms="0" status="PASS">
          <reporter-output>
          </reporter-output>
        </test-method> <!-- beforeMethod -->
        <test-method signature="beforeClass(java.lang.String)[pri:0, instance:Button.BaseClass@54a7079e]" started-at="2024-05-23T10:30:42 IST" name="beforeClass" finished-at="2024-05-23T10:31:04 IST" duration-ms="22180" status="PASS">
          <params>
            <param index="0">
              <value>
                <![CDATA[https://demoapps.qspiders.com/ui/button/buttonDouble?sublist=2]]>
              </value>
            </param>
          </params>
          <reporter-output>
          </reporter-output>
        </test-method> <!-- beforeClass -->
        <test-method is-config="true" signature="afterMethod()[pri:0, instance:Button.BaseClass@54a7079e]" started-at="2024-05-23T10:31:04 IST" name="afterMethod" finished-at="2024-05-23T10:31:04 IST" duration-ms="1" status="PASS">
          <reporter-output>
          </reporter-output>
        </test-method> <!-- afterMethod -->
        <test-method is-config="true" signature="afterClass()[pri:0, instance:Button.BaseClass@54a7079e]" started-at="2024-05-23T10:31:04 IST" name="afterClass" finished-at="2024-05-23T10:31:04 IST" duration-ms="0" status="PASS">
          <reporter-output>
          </reporter-output>
        </test-method> <!-- afterClass -->
        <test-method is-config="true" signature="afterTest()[pri:0, instance:Button.BaseClass@54a7079e]" started-at="2024-05-23T10:31:24 IST" name="afterTest" finished-at="2024-05-23T10:31:24 IST" duration-ms="2" status="PASS">
          <reporter-output>
          </reporter-output>
        </test-method> <!-- afterTest -->
        <test-method is-config="true" signature="afterSuite()[pri:0, instance:Button.BaseClass@54a7079e]" started-at="2024-05-23T10:31:25 IST" name="afterSuite" finished-at="2024-05-23T10:31:25 IST" duration-ms="3" status="PASS">
          <reporter-output>
          </reporter-output>
        </test-method> <!-- afterSuite -->
      </class> <!-- Button.BaseClass -->
      <class name="Button.DoubleClick">
        <test-method is-config="true" signature="beforeMethod()[pri:0, instance:Button.DoubleClick@55634720]" started-at="2024-05-23T10:31:04 IST" name="beforeMethod" finished-at="2024-05-23T10:31:04 IST" duration-ms="1" status="PASS">
          <reporter-output>
          </reporter-output>
        </test-method> <!-- beforeMethod -->
        <test-method signature="beforeClass(java.lang.String)[pri:0, instance:Button.DoubleClick@55634720]" started-at="2024-05-23T10:31:04 IST" name="beforeClass" finished-at="2024-05-23T10:31:18 IST" duration-ms="14297" status="PASS">
          <params>
            <param index="0">
              <value>
                <![CDATA[https://demoapps.qspiders.com/ui/button/buttonDouble?sublist=2]]>
              </value>
            </param>
          </params>
          <reporter-output>
          </reporter-output>
        </test-method> <!-- beforeClass -->
        <test-method is-config="true" signature="afterMethod()[pri:0, instance:Button.DoubleClick@55634720]" started-at="2024-05-23T10:31:18 IST" name="afterMethod" finished-at="2024-05-23T10:31:18 IST" duration-ms="1" status="PASS">
          <reporter-output>
          </reporter-output>
        </test-method> <!-- afterMethod -->
        <test-method is-config="true" signature="beforeMethod()[pri:0, instance:Button.DoubleClick@55634720]" started-at="2024-05-23T10:31:18 IST" name="beforeMethod" finished-at="2024-05-23T10:31:18 IST" duration-ms="1" status="PASS">
          <reporter-output>
          </reporter-output>
        </test-method> <!-- beforeMethod -->
        <test-method signature="doubleClick()[pri:0, instance:Button.DoubleClick@55634720]" started-at="2024-05-23T10:31:18 IST" name="doubleClick" finished-at="2024-05-23T10:31:24 IST" duration-ms="6006" status="PASS">
          <reporter-output>
          </reporter-output>
        </test-method> <!-- doubleClick -->
        <test-method is-config="true" signature="afterMethod()[pri:0, instance:Button.DoubleClick@55634720]" started-at="2024-05-23T10:31:24 IST" name="afterMethod" finished-at="2024-05-23T10:31:24 IST" duration-ms="1" status="PASS">
          <reporter-output>
          </reporter-output>
        </test-method> <!-- afterMethod -->
        <test-method is-config="true" signature="afterClass()[pri:0, instance:Button.DoubleClick@55634720]" started-at="2024-05-23T10:31:24 IST" name="afterClass" finished-at="2024-05-23T10:31:24 IST" duration-ms="1" status="PASS">
          <reporter-output>
          </reporter-output>
        </test-method> <!-- afterClass -->
      </class> <!-- Button.DoubleClick -->
    </test> <!-- Test -->
  </suite> <!-- Suite -->
</testng-results>
